<?xml version="1.0" encoding="UTF-8"?>
<!-- Generated by org.testng.reporters.JUnitXMLReporter -->
<testsuite hostname="DESKTOP-LNN4BDH" ignored="0" name="Default test" tests="4" failures="0" timestamp="2022-01-08T16:07:42 IST" time="3.579" errors="0">
  <testcase name="checkbox" time="0.094" classname="MyTests.Quicktest1"/>
  <testcase name="radioButtun" time="1.012" classname="MyTests.Quicktest1"/>
  <testcase name="selectDropdown" time="0.272" classname="MyTests.Quicktest1"/>
  <testcase name="suggestiveTestBox" time="1.975" classname="MyTests.Quicktest1"/>
</testsuite> <!-- Default test -->
