<?xml version="1.0" encoding="UTF-8"?>
<!-- Generated by org.testng.reporters.JUnitXMLReporter -->
<testsuite hostname="DESKTOP-LNN4BDH" ignored="0" name="Test" tests="4" failures="0" timestamp="2022-01-09T16:55:47 IST" time="16.807" errors="0">
  <testcase name="checkbox" time="0.075" classname="MyTests.Quicktest1"/>
  <testcase name="radioButtun" time="0.367" classname="MyTests.Quicktest1"/>
  <testcase name="selectDropdown" time="0.287" classname="MyTests.Quicktest1"/>
  <testcase name="suggestiveTestBox" time="1.828" classname="MyTests.Quicktest1"/>
</testsuite> <!-- Test -->
