<?xml version="1.0" encoding="UTF-8"?>
<!-- Generated by org.testng.reporters.JUnitXMLReporter -->
<testsuite hostname="DESKTOP-LNN4BDH" ignored="0" name="Test1" tests="6" failures="0" timestamp="2022-01-09T19:21:49 IST" time="14.867" errors="0">
  <testcase name="checkbox" time="0.236" classname="MyTests.Quicktest1"/>
  <testcase name="radioButtun" time="0.619" classname="MyTests.Quicktest1"/>
  <testcase name="selectDropdown" time="0.398" classname="MyTests.Quicktest1"/>
  <testcase name="Alerts" time="0.107" classname="MyTests.QuickRow2Test"/>
  <testcase name="suggestiveTestBox" time="2.44" classname="MyTests.Quicktest1"/>
  <testcase name="openwindow" time="4.051" classname="MyTests.QuickRow2Test"/>
</testsuite> <!-- Test1 -->
