<?xml version="1.0" encoding="UTF-8"?>
<testng-results skipped="0" failed="0" ignored="0" total="6" passed="6">
  <reporter-output>
  </reporter-output>
  <suite name="Suite" duration-ms="34115" started-at="2022-01-09T16:55:30 IST" finished-at="2022-01-09T16:56:04 IST">
    <groups>
    </groups>
    <test name="Test" duration-ms="16807" started-at="2022-01-09T16:55:30 IST" finished-at="2022-01-09T16:55:47 IST">
      <class name="MyTests.Quicktest1">
        <test-method status="PASS" signature="OpenBrowser()[pri:0, instance:MyTests.Quicktest1@80ec1f8]" name="OpenBrowser" is-config="true" duration-ms="14049" started-at="2022-01-09T16:55:30 IST" finished-at="2022-01-09T16:55:44 IST">
          <reporter-output>
          </reporter-output>
        </test-method> <!-- OpenBrowser -->
        <test-method status="PASS" signature="checkbox()[pri:0, instance:MyTests.Quicktest1@80ec1f8]" name="checkbox" duration-ms="75" started-at="2022-01-09T16:55:44 IST" finished-at="2022-01-09T16:55:44 IST">
          <reporter-output>
          </reporter-output>
        </test-method> <!-- checkbox -->
        <test-method status="PASS" signature="radioButtun()[pri:0, instance:MyTests.Quicktest1@80ec1f8]" name="radioButtun" duration-ms="367" started-at="2022-01-09T16:55:44 IST" finished-at="2022-01-09T16:55:45 IST">
          <reporter-output>
          </reporter-output>
        </test-method> <!-- radioButtun -->
        <test-method status="PASS" signature="selectDropdown()[pri:0, instance:MyTests.Quicktest1@80ec1f8]" name="selectDropdown" duration-ms="287" started-at="2022-01-09T16:55:45 IST" finished-at="2022-01-09T16:55:45 IST">
          <reporter-output>
          </reporter-output>
        </test-method> <!-- selectDropdown -->
        <test-method status="PASS" signature="suggestiveTestBox()[pri:0, instance:MyTests.Quicktest1@80ec1f8]" name="suggestiveTestBox" duration-ms="1828" started-at="2022-01-09T16:55:45 IST" finished-at="2022-01-09T16:55:47 IST">
          <reporter-output>
          </reporter-output>
        </test-method> <!-- suggestiveTestBox -->
        <test-method status="PASS" signature="closbrowser()[pri:0, instance:MyTests.Quicktest1@80ec1f8]" name="closbrowser" is-config="true" duration-ms="140" started-at="2022-01-09T16:55:47 IST" finished-at="2022-01-09T16:55:47 IST">
          <reporter-output>
          </reporter-output>
        </test-method> <!-- closbrowser -->
      </class> <!-- MyTests.Quicktest1 -->
    </test> <!-- Test -->
    <test name="Test1" duration-ms="34115" started-at="2022-01-09T16:55:30 IST" finished-at="2022-01-09T16:56:04 IST">
      <class name="MyTests.QuickRow2Test">
        <test-method status="PASS" signature="OpenBrowser()[pri:0, instance:MyTests.QuickRow2Test@6b1274d2]" name="OpenBrowser" is-config="true" duration-ms="23486" started-at="2022-01-09T16:55:30 IST" finished-at="2022-01-09T16:55:54 IST">
          <reporter-output>
          </reporter-output>
        </test-method> <!-- OpenBrowser -->
        <test-method status="PASS" signature="Alerts()[pri:0, instance:MyTests.QuickRow2Test@6b1274d2]" name="Alerts" duration-ms="126" started-at="2022-01-09T16:55:54 IST" finished-at="2022-01-09T16:55:54 IST">
          <reporter-output>
          </reporter-output>
        </test-method> <!-- Alerts -->
        <test-method status="PASS" signature="openwindow()[pri:0, instance:MyTests.QuickRow2Test@6b1274d2]" name="openwindow" duration-ms="9721" started-at="2022-01-09T16:55:54 IST" finished-at="2022-01-09T16:56:04 IST">
          <reporter-output>
          </reporter-output>
        </test-method> <!-- openwindow -->
        <test-method status="PASS" signature="closbrowser()[pri:0, instance:MyTests.QuickRow2Test@6b1274d2]" name="closbrowser" is-config="true" duration-ms="771" started-at="2022-01-09T16:56:04 IST" finished-at="2022-01-09T16:56:04 IST">
          <reporter-output>
          </reporter-output>
        </test-method> <!-- closbrowser -->
      </class> <!-- MyTests.QuickRow2Test -->
    </test> <!-- Test1 -->
  </suite> <!-- Suite -->
</testng-results>
